<?xml version="1.0" encoding="UTF-8"?>
<!-- Generated by org.testng.reporters.JUnitReportReporter -->
<testsuite name="TestRun.ScriptRunner" tests="5" time="46.510" ignored="0" failures="0" timestamp="04 Jun 2019 10:11:15 GMT" skipped="0" hostname="Ankit-Tripathi.local" errors="0">
  <testcase name="selectTheproduct" time="2.521" classname="TestRun.ScriptRunner"/>
  <testcase name="submitUserandpwd" time="6.645" classname="TestRun.ScriptRunner"/>
  <testcase name="searchTheptoduct" time="9.068" classname="TestRun.ScriptRunner"/>
  <testcase name="clickOnLoginTab" time="6.864" classname="TestRun.ScriptRunner"/>
  <testcase name="addTocart" time="21.412" classname="TestRun.ScriptRunner"/>
</testsuite> <!-- TestRun.ScriptRunner -->
