<?xml version="1.0" encoding="UTF-8"?>
<!-- Generated by org.testng.reporters.JUnitReportReporter -->
<testsuite name="TestRun.ScriptRunner" tests="1" time="93.260" ignored="0" failures="0" timestamp="08 Jan 2019 16:05:33 GMT" skipped="0" hostname="KPISOFT" errors="0">
  <testcase name="validation" time="93.260" classname="TestRun.ScriptRunner"/>
</testsuite> <!-- TestRun.ScriptRunner -->
