<?xml version="1.0" encoding="UTF-8"?>
<!-- Generated by org.testng.reporters.JUnitReportReporter -->
<testsuite name="TestRun.ScriptRunner" tests="5" time="49.347" ignored="0" failures="0" timestamp="11 Jan 2019 16:19:10 GMT" skipped="0" hostname="KPISOFT" errors="0">
  <testcase name="selectTheproduct" time="2.427" classname="TestRun.ScriptRunner"/>
  <testcase name="clickOnLoginTab" time="5.020" classname="TestRun.ScriptRunner"/>
  <testcase name="searchTheptoduct" time="14.818" classname="TestRun.ScriptRunner"/>
  <testcase name="addTocart" time="12.802" classname="TestRun.ScriptRunner"/>
  <testcase name="submitUserandpwd" time="14.280" classname="TestRun.ScriptRunner"/>
</testsuite> <!-- TestRun.ScriptRunner -->
